{"level":"error","message":"Error taking screenshot: Navigation timeout of 30000 ms exceeded","name":"TimeoutError","stack":"TimeoutError: Navigation timeout of 30000 ms exceeded\n    at new Deferred (file:///home/jason/daily-UISPI-screenshot-nextJS/daily-uisp-screenshot/node_modules/puppeteer-core/lib/esm/puppeteer/util/Deferred.js:57:34)\n    at Deferred.create (file:///home/jason/daily-UISPI-screenshot-nextJS/daily-uisp-screenshot/node_modules/puppeteer-core/lib/esm/puppeteer/util/Deferred.js:18:16)\n    at new LifecycleWatcher (file:///home/jason/daily-UISPI-screenshot-nextJS/daily-uisp-screenshot/node_modules/puppeteer-core/lib/esm/puppeteer/cdp/LifecycleWatcher.js:66:46)\n    at CdpFrame.goto (file:///home/jason/daily-UISPI-screenshot-nextJS/daily-uisp-screenshot/node_modules/puppeteer-core/lib/esm/puppeteer/cdp/Frame.js:145:29)\n    at CdpFrame.<anonymous> (file:///home/jason/daily-UISPI-screenshot-nextJS/daily-uisp-screenshot/node_modules/puppeteer-core/lib/esm/puppeteer/util/decorators.js:101:27)\n    at CdpPage.goto (file:///home/jason/daily-UISPI-screenshot-nextJS/daily-uisp-screenshot/node_modules/puppeteer-core/lib/esm/puppeteer/api/Page.js:570:43)\n    at takeScreenshot (webpack-internal:///(rsc)/./app/utils/screenshotService.ts:52:20)\n    at async POST (webpack-internal:///(rsc)/./app/api/screenshot/route.ts:14:25)\n    at async AppRouteRouteModule.do (/home/jason/daily-UISPI-screenshot-nextJS/daily-uisp-screenshot/node_modules/next/dist/compiled/next-server/app-route.runtime.dev.js:26:33891)\n    at async AppRouteRouteModule.handle (/home/jason/daily-UISPI-screenshot-nextJS/daily-uisp-screenshot/node_modules/next/dist/compiled/next-server/app-route.runtime.dev.js:26:41254)\n    at async doRender (/home/jason/daily-UISPI-screenshot-nextJS/daily-uisp-screenshot/node_modules/next/dist/server/base-server.js:1513:42)\n    at async DevServer.renderToResponseWithComponentsImpl (/home/jason/daily-UISPI-screenshot-nextJS/daily-uisp-screenshot/node_modules/next/dist/server/base-server.js:1915:28)\n    at async DevServer.renderPageComponent (/home/jason/daily-UISPI-screenshot-nextJS/daily-uisp-screenshot/node_modules/next/dist/server/base-server.js:2393:24)\n    at async DevServer.renderToResponseImpl (/home/jason/daily-UISPI-screenshot-nextJS/daily-uisp-screenshot/node_modules/next/dist/server/base-server.js:2430:32)\n    at async DevServer.pipeImpl (/home/jason/daily-UISPI-screenshot-nextJS/daily-uisp-screenshot/node_modules/next/dist/server/base-server.js:1003:25)\n    at async NextNodeServer.handleCatchallRenderRequest (/home/jason/daily-UISPI-screenshot-nextJS/daily-uisp-screenshot/node_modules/next/dist/server/next-server.js:304:17)\n    at async DevServer.handleRequestImpl (/home/jason/daily-UISPI-screenshot-nextJS/daily-uisp-screenshot/node_modules/next/dist/server/base-server.js:895:17)\n    at async /home/jason/daily-UISPI-screenshot-nextJS/daily-uisp-screenshot/node_modules/next/dist/server/dev/next-dev-server.js:371:20\n    at async Span.traceAsyncFn (/home/jason/daily-UISPI-screenshot-nextJS/daily-uisp-screenshot/node_modules/next/dist/trace/trace.js:157:20)\n    at async DevServer.handleRequest (/home/jason/daily-UISPI-screenshot-nextJS/daily-uisp-screenshot/node_modules/next/dist/server/dev/next-dev-server.js:368:24)\n    at async invokeRender (/home/jason/daily-UISPI-screenshot-nextJS/daily-uisp-screenshot/node_modules/next/dist/server/lib/router-server.js:235:21)\n    at async handleRequest (/home/jason/daily-UISPI-screenshot-nextJS/daily-uisp-screenshot/node_modules/next/dist/server/lib/router-server.js:426:24)\n    at async requestHandlerImpl (/home/jason/daily-UISPI-screenshot-nextJS/daily-uisp-screenshot/node_modules/next/dist/server/lib/router-server.js:450:13)\n    at async Server.requestListener (/home/jason/daily-UISPI-screenshot-nextJS/daily-uisp-screenshot/node_modules/next/dist/server/lib/start-server.js:158:13)","timestamp":"2025-04-01T17:49:37.435Z"}
{"level":"info","message":"Screenshot saved successfully: /home/jason/daily-UISPI-screenshot-nextJS/daily-uisp-screenshot/public/screenshots/screenshot_2025-04-01T17-52-03-198Z.png","timestamp":"2025-04-01T17:52:03.705Z"}
{"level":"info","message":"Attempted to click the dropdown menu","timestamp":"2025-04-01T17:57:46.972Z"}
{"level":"info","message":"Screenshot saved successfully: /home/jason/daily-UISPI-screenshot-nextJS/daily-uisp-screenshot/public/screenshots/screenshot_2025-04-01T17-57-49-976Z.png","timestamp":"2025-04-01T17:57:50.404Z"}
{"level":"info","message":"Attempted to click the dropdown menu","timestamp":"2025-04-01T17:59:20.931Z"}
{"level":"info","message":"Screenshot saved successfully: /home/jason/daily-UISPI-screenshot-nextJS/daily-uisp-screenshot/public/screenshots/screenshot_2025-04-01T17-59-23-934Z.png","timestamp":"2025-04-01T17:59:24.342Z"}
{"level":"info","message":"Attempted to click the dropdown menu","timestamp":"2025-04-01T18:01:15.859Z"}
{"level":"info","message":"Screenshot saved successfully: /home/jason/daily-UISPI-screenshot-nextJS/daily-uisp-screenshot/public/screenshots/screenshot_2025-04-01T18-01-18-862Z.png","timestamp":"2025-04-01T18:01:19.268Z"}
{"level":"info","message":"Attempted to click the dropdown menu","timestamp":"2025-04-01T18:02:49.770Z"}
{"level":"info","message":"Screenshot saved successfully: /home/jason/daily-UISPI-screenshot-nextJS/daily-uisp-screenshot/public/screenshots/screenshot_2025-04-01T18-02-52-774Z.png","timestamp":"2025-04-01T18:02:53.200Z"}
{"level":"info","message":"Attempted to click the dropdown menu","timestamp":"2025-04-01T18:06:46.279Z"}
{"level":"info","message":"Screenshot saved successfully: /home/jason/daily-UISPI-screenshot-nextJS/daily-uisp-screenshot/public/screenshots/screenshot_2025-04-01T18-06-49-285Z.png","timestamp":"2025-04-01T18:06:49.783Z"}
{"level":"info","message":"Attempted to click the dropdown menu","timestamp":"2025-04-01T18:32:28.205Z"}
{"level":"info","message":"Screenshot saved successfully: /home/jason/daily-UISPI-screenshot-nextJS/daily-uisp-screenshot/public/screenshots/screenshot_2025-04-01T18-32-31-234Z.png","timestamp":"2025-04-01T18:32:31.694Z"}
{"level":"info","message":"Devices data saved successfully","timestamp":"2025-04-01T18:32:31.695Z"}
{"level":"info","message":"Attempted to click the dropdown menu","timestamp":"2025-04-01T18:34:04.429Z"}
{"level":"info","message":"Screenshot saved successfully: /home/jason/daily-UISPI-screenshot-nextJS/daily-uisp-screenshot/public/screenshots/screenshot_2025-04-01T18-34-07-475Z.png","timestamp":"2025-04-01T18:34:07.969Z"}
{"level":"info","message":"Devices data saved successfully","timestamp":"2025-04-01T18:34:07.971Z"}
{"level":"info","message":"Attempted to click the dropdown menu","timestamp":"2025-04-01T18:35:06.190Z"}
{"level":"info","message":"Screenshot saved successfully: /home/jason/daily-UISPI-screenshot-nextJS/daily-uisp-screenshot/public/screenshots/screenshot_2025-04-01T18-35-09-225Z.png","timestamp":"2025-04-01T18:35:09.695Z"}
{"level":"info","message":"Devices data saved successfully","timestamp":"2025-04-01T18:35:09.696Z"}
{"level":"info","message":"Attempted to click the dropdown menu","timestamp":"2025-04-01T18:38:02.541Z"}
{"level":"info","message":"Successfully read online devices count: 321","timestamp":"2025-04-01T18:38:13.605Z"}
{"level":"info","message":"Screenshot saved successfully: /home/jason/daily-UISPI-screenshot-nextJS/daily-uisp-screenshot/public/screenshots/screenshot_2025-04-01T18-38-13-606Z.png","timestamp":"2025-04-01T18:38:14.255Z"}
{"level":"info","message":"Devices data saved successfully","timestamp":"2025-04-01T18:38:14.257Z"}
{"level":"info","message":"Starting screenshot process...","timestamp":"2025-04-01T20:55:39.248Z"}
{"level":"info","message":"Browser launched successfully","timestamp":"2025-04-01T20:55:40.881Z"}
{"level":"info","message":"Page created and viewport set","timestamp":"2025-04-01T20:55:41.771Z"}
{"level":"info","message":"Navigating to UISP devices page...","timestamp":"2025-04-01T20:55:41.772Z"}
{"level":"info","message":"Page navigation completed","timestamp":"2025-04-01T20:56:23.954Z"}
{"level":"info","message":"Waiting for login form elements...","timestamp":"2025-04-01T20:56:23.956Z"}
{"level":"info","message":"Login form elements found","timestamp":"2025-04-01T20:56:24.854Z"}
{"level":"info","message":"Attempting login...","timestamp":"2025-04-01T20:56:24.855Z"}
{"level":"info","message":"Login credentials entered","timestamp":"2025-04-01T20:56:26.257Z"}
{"level":"info","message":"Waiting for login button...","timestamp":"2025-04-01T20:56:26.258Z"}
{"level":"info","message":"Login button clicked","timestamp":"2025-04-01T20:56:27.005Z"}
{"level":"info","message":"Waiting for post-login page load...","timestamp":"2025-04-01T20:56:27.006Z"}
{"level":"info","message":"Post-login page load completed","timestamp":"2025-04-01T20:56:27.887Z"}
{"level":"info","message":"Looking for online devices dropdown...","timestamp":"2025-04-01T20:56:27.888Z"}
{"level":"info","message":"Online devices dropdown clicked","timestamp":"2025-04-01T20:56:30.501Z"}
{"level":"info","message":"Waiting for dropdown data to load...","timestamp":"2025-04-01T20:56:30.502Z"}
{"level":"info","message":"Dropdown data load wait completed","timestamp":"2025-04-01T20:56:38.503Z"}
{"level":"info","message":"Waiting for online devices count to be visible...","timestamp":"2025-04-01T20:56:38.504Z"}
{"level":"info","message":"Online devices count element found","timestamp":"2025-04-01T20:56:41.812Z"}
{"level":"info","message":"Additional wait for content stability...","timestamp":"2025-04-01T20:56:41.815Z"}
{"level":"info","message":"Content stability wait completed","timestamp":"2025-04-01T20:56:44.817Z"}
{"level":"info","message":"Attempt 1 to read online devices count...","timestamp":"2025-04-01T20:56:44.817Z"}
{"level":"info","message":"Successfully read online devices count: 322","timestamp":"2025-04-01T20:56:44.858Z"}
{"level":"info","message":"Taking screenshot...","timestamp":"2025-04-01T20:56:44.859Z"}
{"level":"info","message":"Screenshot saved successfully: /home/jason/daily-UISPI-screenshot-nextJS/daily-uisp-screenshot/public/screenshots/screenshot_2025-04-01T20-56-44-859Z.png","timestamp":"2025-04-01T20:56:45.699Z"}
{"level":"info","message":"Saving devices data...","timestamp":"2025-04-01T20:56:45.700Z"}
{"level":"info","message":"Devices data saved successfully","timestamp":"2025-04-01T20:56:45.702Z"}
{"level":"info","message":"Devices data saved successfully","timestamp":"2025-04-01T20:56:45.702Z"}
{"level":"info","message":"Closing browser...","timestamp":"2025-04-01T20:56:45.702Z"}
{"level":"info","message":"Browser closed successfully","timestamp":"2025-04-01T20:56:46.399Z"}
{"level":"info","message":"Starting screenshot process...","timestamp":"2025-04-01T21:04:30.962Z"}
{"level":"info","message":"Browser launched successfully","timestamp":"2025-04-01T21:04:31.975Z"}
{"level":"info","message":"Page created and viewport set","timestamp":"2025-04-01T21:04:32.602Z"}
{"level":"info","message":"Navigating to UISP devices page...","timestamp":"2025-04-01T21:04:32.603Z"}
{"level":"info","message":"Page navigation completed","timestamp":"2025-04-01T21:05:15.563Z"}
{"level":"info","message":"Waiting for login form elements...","timestamp":"2025-04-01T21:05:15.564Z"}
{"level":"info","message":"Login form elements found","timestamp":"2025-04-01T21:05:16.352Z"}
{"level":"info","message":"Attempting login...","timestamp":"2025-04-01T21:05:16.352Z"}
{"level":"info","message":"Login credentials entered","timestamp":"2025-04-01T21:05:18.925Z"}
{"level":"info","message":"Waiting for login button...","timestamp":"2025-04-01T21:05:18.926Z"}
{"level":"info","message":"Login button clicked","timestamp":"2025-04-01T21:05:19.751Z"}
{"level":"info","message":"Waiting for post-login page load...","timestamp":"2025-04-01T21:05:19.752Z"}
{"level":"info","message":"Post-login page load completed","timestamp":"2025-04-01T21:05:20.767Z"}
{"level":"info","message":"Looking for online devices dropdown...","timestamp":"2025-04-01T21:05:20.768Z"}
{"level":"info","message":"Online devices dropdown clicked","timestamp":"2025-04-01T21:05:22.520Z"}
{"level":"info","message":"Waiting for dropdown data to load...","timestamp":"2025-04-01T21:05:22.520Z"}
{"level":"info","message":"Dropdown data load wait completed","timestamp":"2025-04-01T21:05:30.522Z"}
{"level":"info","message":"Waiting for online devices count to be visible...","timestamp":"2025-04-01T21:05:30.523Z"}
{"level":"info","message":"Online devices count element found","timestamp":"2025-04-01T21:05:30.973Z"}
{"level":"info","message":"Additional wait for content stability...","timestamp":"2025-04-01T21:05:30.973Z"}
{"level":"info","message":"Content stability wait completed","timestamp":"2025-04-01T21:05:33.979Z"}
{"level":"info","message":"Attempt 1 to read online devices count...","timestamp":"2025-04-01T21:05:33.980Z"}
{"level":"info","message":"Successfully read online devices count: 322","timestamp":"2025-04-01T21:05:34.699Z"}
{"level":"info","message":"Taking screenshot...","timestamp":"2025-04-01T21:05:34.699Z"}
{"level":"info","message":"Screenshot saved successfully: /home/jason/daily-UISPI-screenshot-nextJS/daily-uisp-screenshot/public/screenshots/screenshot_2025-04-01T21-05-34-699Z.png","timestamp":"2025-04-01T21:05:35.345Z"}
{"level":"info","message":"Saving devices data...","timestamp":"2025-04-01T21:05:35.346Z"}
{"level":"info","message":"Devices data saved successfully","timestamp":"2025-04-01T21:05:35.347Z"}
{"level":"info","message":"Devices data saved successfully","timestamp":"2025-04-01T21:05:35.347Z"}
{"level":"info","message":"Closing browser...","timestamp":"2025-04-01T21:05:35.347Z"}
{"level":"info","message":"Browser closed successfully","timestamp":"2025-04-01T21:05:38.553Z"}
{"level":"info","message":"Starting screenshot process...","timestamp":"2025-04-01T21:06:01.969Z"}
{"level":"info","message":"Browser launched successfully","timestamp":"2025-04-01T21:06:02.804Z"}
{"level":"info","message":"Page created and viewport set","timestamp":"2025-04-01T21:06:03.304Z"}
{"level":"info","message":"Navigating to UISP devices page...","timestamp":"2025-04-01T21:06:03.305Z"}
{"level":"info","message":"Page navigation completed","timestamp":"2025-04-01T21:06:45.797Z"}
{"level":"info","message":"Waiting for login form elements...","timestamp":"2025-04-01T21:06:45.798Z"}
{"level":"info","message":"Login form elements found","timestamp":"2025-04-01T21:06:47.419Z"}
{"level":"info","message":"Attempting login...","timestamp":"2025-04-01T21:06:47.420Z"}
{"level":"info","message":"Login credentials entered","timestamp":"2025-04-01T21:06:50.857Z"}
{"level":"info","message":"Waiting for login button...","timestamp":"2025-04-01T21:06:50.858Z"}
{"level":"info","message":"Login button clicked","timestamp":"2025-04-01T21:06:51.210Z"}
{"level":"info","message":"Waiting for post-login page load...","timestamp":"2025-04-01T21:06:51.211Z"}
{"level":"info","message":"Post-login page load completed","timestamp":"2025-04-01T21:06:52.781Z"}
{"level":"info","message":"Looking for online devices dropdown...","timestamp":"2025-04-01T21:06:52.783Z"}
{"level":"info","message":"Online devices dropdown clicked","timestamp":"2025-04-01T21:07:00.086Z"}
{"level":"info","message":"Waiting for dropdown data to load...","timestamp":"2025-04-01T21:07:00.087Z"}
{"level":"info","message":"Dropdown data load wait completed","timestamp":"2025-04-01T21:07:08.088Z"}
{"level":"info","message":"Waiting for online devices count to be visible...","timestamp":"2025-04-01T21:07:08.089Z"}
{"level":"info","message":"Online devices count element found","timestamp":"2025-04-01T21:07:08.746Z"}
{"level":"info","message":"Additional wait for content stability...","timestamp":"2025-04-01T21:07:08.746Z"}
{"level":"info","message":"Content stability wait completed","timestamp":"2025-04-01T21:07:11.747Z"}
{"level":"info","message":"Attempt 1 to read online devices count...","timestamp":"2025-04-01T21:07:11.748Z"}
{"level":"info","message":"Successfully read online devices count: 322","timestamp":"2025-04-01T21:07:12.701Z"}
{"level":"info","message":"Taking screenshot...","timestamp":"2025-04-01T21:07:12.702Z"}
{"level":"info","message":"Screenshot saved successfully: /home/jason/daily-UISPI-screenshot-nextJS/daily-uisp-screenshot/public/screenshots/screenshot_2025-04-01T21-07-12-702Z.png","timestamp":"2025-04-01T21:07:13.768Z"}
{"level":"info","message":"Saving devices data...","timestamp":"2025-04-01T21:07:13.768Z"}
{"level":"info","message":"Devices data saved successfully","timestamp":"2025-04-01T21:07:13.769Z"}
{"level":"info","message":"Devices data saved successfully","timestamp":"2025-04-01T21:07:13.769Z"}
{"level":"info","message":"Closing browser...","timestamp":"2025-04-01T21:07:13.769Z"}
{"level":"info","message":"Browser closed successfully","timestamp":"2025-04-01T21:07:14.433Z"}
{"level":"info","message":"Starting screenshot process...","timestamp":"2025-04-03T00:57:55.541Z"}
{"level":"info","message":"Browser launched successfully","timestamp":"2025-04-03T00:57:56.864Z"}
{"level":"info","message":"Page created and viewport set","timestamp":"2025-04-03T00:57:57.562Z"}
{"level":"info","message":"Navigating to UISP devices page...","timestamp":"2025-04-03T00:57:57.562Z"}
{"level":"info","message":"Page navigation completed","timestamp":"2025-04-03T00:58:34.001Z"}
{"level":"info","message":"Waiting for login form elements...","timestamp":"2025-04-03T00:58:34.002Z"}
{"level":"info","message":"Login form elements found","timestamp":"2025-04-03T00:58:34.637Z"}
{"level":"info","message":"Attempting login...","timestamp":"2025-04-03T00:58:34.638Z"}
{"level":"info","message":"Login credentials entered","timestamp":"2025-04-03T00:58:36.167Z"}
{"level":"info","message":"Waiting for login button...","timestamp":"2025-04-03T00:58:36.169Z"}
{"level":"info","message":"Login button clicked","timestamp":"2025-04-03T00:58:36.955Z"}
{"level":"info","message":"Waiting for post-login page load...","timestamp":"2025-04-03T00:58:36.956Z"}
{"level":"info","message":"Post-login page load completed","timestamp":"2025-04-03T00:58:37.670Z"}
{"level":"info","message":"Looking for online devices dropdown...","timestamp":"2025-04-03T00:58:37.670Z"}
{"level":"info","message":"Online devices dropdown clicked","timestamp":"2025-04-03T00:58:38.486Z"}
{"level":"info","message":"Waiting for dropdown data to load...","timestamp":"2025-04-03T00:58:38.487Z"}
{"level":"info","message":"Dropdown data load wait completed","timestamp":"2025-04-03T00:58:46.488Z"}
{"level":"info","message":"Waiting for online devices count to be visible...","timestamp":"2025-04-03T00:58:46.490Z"}
{"level":"info","message":"Online devices count element found","timestamp":"2025-04-03T00:58:46.910Z"}
{"level":"info","message":"Additional wait for content stability...","timestamp":"2025-04-03T00:58:46.910Z"}
{"level":"info","message":"Content stability wait completed","timestamp":"2025-04-03T00:58:49.911Z"}
{"level":"info","message":"Attempt 1 to read online devices count...","timestamp":"2025-04-03T00:58:49.912Z"}
{"level":"info","message":"Successfully read online devices count: 309","timestamp":"2025-04-03T00:58:49.944Z"}
{"level":"info","message":"Taking screenshot...","timestamp":"2025-04-03T00:58:49.945Z"}
{"level":"info","message":"Screenshot saved temporarily: /home/jason/daily-UISPI-screenshot-nextJS/daily-uisp-screenshot-nextjs/public/screenshots/screenshot_2025-04-03T00-58-49-944Z.png","timestamp":"2025-04-03T00:58:50.590Z"}
{"level":"info","message":"Checking PocketBase availability...","timestamp":"2025-04-03T00:58:50.590Z"}
{"level":"info","message":"PocketBase is available. Saving screenshot to database...","timestamp":"2025-04-03T00:58:50.623Z"}
{"level":"info","message":"Screenshot saved to PocketBase with ID: et9z93mjpo34u09","timestamp":"2025-04-03T00:58:50.676Z"}
{"level":"info","message":"Devices data saved to backup file successfully","timestamp":"2025-04-03T00:58:50.677Z"}
{"level":"info","message":"Devices data saved to backup file","timestamp":"2025-04-03T00:58:50.678Z"}
{"level":"info","message":"Temporary screenshot file deleted","timestamp":"2025-04-03T00:58:50.678Z"}
{"level":"info","message":"Closing browser...","timestamp":"2025-04-03T00:58:50.678Z"}
{"level":"info","message":"Browser closed successfully","timestamp":"2025-04-03T00:58:51.170Z"}
{"level":"info","message":"Starting screenshot process...","timestamp":"2025-04-03T01:53:22.470Z"}
{"level":"info","message":"Browser launched successfully","timestamp":"2025-04-03T01:53:24.244Z"}
{"level":"info","message":"Page created and viewport set","timestamp":"2025-04-03T01:53:25.206Z"}
{"level":"info","message":"Navigating to UISP devices page...","timestamp":"2025-04-03T01:53:25.207Z"}
{"level":"info","message":"Page navigation completed","timestamp":"2025-04-03T01:54:00.768Z"}
{"level":"info","message":"Waiting for login form elements...","timestamp":"2025-04-03T01:54:00.769Z"}
{"level":"info","message":"Login form elements found","timestamp":"2025-04-03T01:54:01.455Z"}
{"level":"info","message":"Attempting login...","timestamp":"2025-04-03T01:54:01.456Z"}
{"level":"info","message":"Login credentials entered","timestamp":"2025-04-03T01:54:02.939Z"}
{"level":"info","message":"Waiting for login button...","timestamp":"2025-04-03T01:54:02.941Z"}
{"level":"info","message":"Login button clicked","timestamp":"2025-04-03T01:54:03.881Z"}
{"level":"info","message":"Waiting for post-login page load...","timestamp":"2025-04-03T01:54:03.882Z"}
{"level":"info","message":"Post-login page load completed","timestamp":"2025-04-03T01:54:04.784Z"}
{"level":"info","message":"Looking for online devices dropdown...","timestamp":"2025-04-03T01:54:04.785Z"}
{"level":"info","message":"Online devices dropdown clicked","timestamp":"2025-04-03T01:54:07.175Z"}
{"level":"info","message":"Waiting for dropdown data to load...","timestamp":"2025-04-03T01:54:07.176Z"}
{"level":"info","message":"Dropdown data load wait completed","timestamp":"2025-04-03T01:54:15.177Z"}
{"level":"info","message":"Waiting for online devices count to be visible...","timestamp":"2025-04-03T01:54:15.178Z"}
{"level":"info","message":"Online devices count element found","timestamp":"2025-04-03T01:54:15.231Z"}
{"level":"info","message":"Additional wait for content stability...","timestamp":"2025-04-03T01:54:15.232Z"}
{"level":"info","message":"Content stability wait completed","timestamp":"2025-04-03T01:54:18.233Z"}
{"level":"info","message":"Attempt 1 to read online devices count...","timestamp":"2025-04-03T01:54:18.233Z"}
{"level":"info","message":"Successfully read online devices count: 309","timestamp":"2025-04-03T01:54:18.288Z"}
{"level":"info","message":"Taking screenshot...","timestamp":"2025-04-03T01:54:18.292Z"}
{"level":"info","message":"Screenshot saved temporarily: /home/jason/daily-UISPI-screenshot-nextJS/daily-uisp-screenshot-nextjs/public/screenshots/screenshot_2025-04-03T01-54-18-292Z.png","timestamp":"2025-04-03T01:54:18.990Z"}
{"level":"info","message":"Checking PocketBase availability...","timestamp":"2025-04-03T01:54:18.990Z"}
{"level":"info","message":"PocketBase is available. Saving screenshot to database...","timestamp":"2025-04-03T01:54:19.067Z"}
{"level":"info","message":"Screenshot file size: 128142 bytes","timestamp":"2025-04-03T01:54:19.069Z"}
{"level":"info","message":"FormData contents:","timestamp":"2025-04-03T01:54:19.070Z"}
{"level":"info","message":"- screenshot: object (File: screenshot_2025-04-03T01-54-18-292Z.png, 128142 bytes)","timestamp":"2025-04-03T01:54:19.070Z"}
{"level":"info","message":"- timestamp: string 2025-04-03T01:54:18.292Z","timestamp":"2025-04-03T01:54:19.070Z"}
{"level":"info","message":"- onlineDevices: string 309","timestamp":"2025-04-03T01:54:19.071Z"}
{"level":"info","message":"Screenshot saved to PocketBase with ID: 2a74v0r18949m15","timestamp":"2025-04-03T01:54:19.113Z"}
{"level":"info","message":"Screenshot URL: http://localhost:8090/api/files/pbc_3933996135/2a74v0r18949m15/screenshot_2025_04_03_t01_54_18_292_z_4xpv4hl4lm.png","timestamp":"2025-04-03T01:54:19.113Z"}
{"level":"info","message":"Devices data saved to backup file successfully","timestamp":"2025-04-03T01:54:19.115Z"}
{"level":"info","message":"Devices data saved to backup file","timestamp":"2025-04-03T01:54:19.115Z"}
{"level":"info","message":"Temporary screenshot file deleted","timestamp":"2025-04-03T01:54:19.116Z"}
{"level":"info","message":"Closing browser...","timestamp":"2025-04-03T01:54:19.116Z"}
{"level":"info","message":"Browser closed successfully","timestamp":"2025-04-03T01:54:19.730Z"}
{"level":"info","message":"Starting screenshot process...","timestamp":"2025-04-03T02:00:19.148Z"}
{"level":"info","message":"Browser launched successfully","timestamp":"2025-04-03T02:00:20.019Z"}
{"level":"info","message":"Page created and viewport set","timestamp":"2025-04-03T02:00:20.111Z"}
{"level":"info","message":"Navigating to UISP devices page...","timestamp":"2025-04-03T02:00:20.112Z"}
{"level":"info","message":"Page navigation completed","timestamp":"2025-04-03T02:00:57.655Z"}
{"level":"info","message":"Waiting for login form elements...","timestamp":"2025-04-03T02:00:57.656Z"}
{"level":"info","message":"Login form elements found","timestamp":"2025-04-03T02:00:57.721Z"}
{"level":"info","message":"Attempting login...","timestamp":"2025-04-03T02:00:57.721Z"}
{"level":"info","message":"Login credentials entered","timestamp":"2025-04-03T02:00:57.969Z"}
{"level":"info","message":"Waiting for login button...","timestamp":"2025-04-03T02:00:57.970Z"}
{"level":"info","message":"Login button clicked","timestamp":"2025-04-03T02:00:58.092Z"}
{"level":"info","message":"Waiting for post-login page load...","timestamp":"2025-04-03T02:00:58.092Z"}
{"level":"info","message":"Post-login page load completed","timestamp":"2025-04-03T02:00:58.665Z"}
{"level":"info","message":"Looking for online devices dropdown...","timestamp":"2025-04-03T02:00:58.665Z"}
{"level":"info","message":"Online devices dropdown clicked","timestamp":"2025-04-03T02:00:59.218Z"}
{"level":"info","message":"Waiting for dropdown data to load...","timestamp":"2025-04-03T02:00:59.218Z"}
{"level":"info","message":"Dropdown data load wait completed","timestamp":"2025-04-03T02:01:07.219Z"}
{"level":"info","message":"Waiting for online devices count to be visible...","timestamp":"2025-04-03T02:01:07.220Z"}
{"level":"info","message":"Online devices count element found","timestamp":"2025-04-03T02:01:07.865Z"}
{"level":"info","message":"Additional wait for content stability...","timestamp":"2025-04-03T02:01:07.866Z"}
{"level":"info","message":"Content stability wait completed","timestamp":"2025-04-03T02:01:10.867Z"}
{"level":"info","message":"Attempt 1 to read online devices count...","timestamp":"2025-04-03T02:01:10.868Z"}
{"level":"info","message":"Successfully read online devices count: 309","timestamp":"2025-04-03T02:01:10.939Z"}
{"level":"info","message":"Taking screenshot...","timestamp":"2025-04-03T02:01:10.940Z"}
{"level":"info","message":"Screenshot saved temporarily: /home/jason/daily-UISPI-screenshot-nextJS/daily-uisp-screenshot-nextjs/public/screenshots/screenshot_2025-04-03T02-01-10-940Z.png","timestamp":"2025-04-03T02:01:11.362Z"}
{"level":"info","message":"Checking PocketBase availability...","timestamp":"2025-04-03T02:01:11.363Z"}
{"level":"info","message":"PocketBase is available. Saving screenshot to database...","timestamp":"2025-04-03T02:01:11.399Z"}
{"level":"info","message":"Screenshot file size: 128142 bytes","timestamp":"2025-04-03T02:01:11.401Z"}
{"level":"info","message":"FormData contents:","timestamp":"2025-04-03T02:01:11.402Z"}
{"level":"info","message":"- screenshot: object (File: screenshot_2025-04-03T02-01-10-940Z.png, 128142 bytes)","timestamp":"2025-04-03T02:01:11.403Z"}
{"level":"info","message":"- timestamp: string 2025-04-03T02:01:10.940Z","timestamp":"2025-04-03T02:01:11.403Z"}
{"level":"info","message":"- onlineDevices: string 309","timestamp":"2025-04-03T02:01:11.403Z"}
{"level":"info","message":"Screenshot saved to PocketBase with ID: hfnj3yklm2z0v99","timestamp":"2025-04-03T02:01:11.427Z"}
{"level":"info","message":"Screenshot URL: http://localhost:8090/api/files/pbc_3933996135/hfnj3yklm2z0v99/screenshot_2025_04_03_t02_01_10_940_z_huedip8cys.png","timestamp":"2025-04-03T02:01:11.428Z"}
{"level":"info","message":"Devices data saved to backup file successfully","timestamp":"2025-04-03T02:01:11.428Z"}
{"level":"info","message":"Devices data saved to backup file","timestamp":"2025-04-03T02:01:11.429Z"}
{"level":"info","message":"Temporary screenshot file deleted","timestamp":"2025-04-03T02:01:11.429Z"}
{"level":"info","message":"Closing browser...","timestamp":"2025-04-03T02:01:11.429Z"}
{"level":"info","message":"Browser closed successfully","timestamp":"2025-04-03T02:01:11.657Z"}
{"level":"info","message":"Starting screenshot process...","timestamp":"2025-04-03T02:12:58.602Z"}
{"level":"info","message":"Browser launched successfully","timestamp":"2025-04-03T02:13:00.137Z"}
{"level":"info","message":"Page created and viewport set","timestamp":"2025-04-03T02:13:00.920Z"}
{"level":"info","message":"Navigating to UISP devices page...","timestamp":"2025-04-03T02:13:00.922Z"}
{"level":"info","message":"Starting screenshot process...","timestamp":"2025-04-03T02:13:31.504Z"}
{"level":"info","message":"Browser launched successfully","timestamp":"2025-04-03T02:13:32.763Z"}
{"level":"info","message":"Page created and viewport set","timestamp":"2025-04-03T02:13:33.660Z"}
{"level":"info","message":"Navigating to UISP devices page...","timestamp":"2025-04-03T02:13:33.661Z"}
{"level":"info","message":"Page navigation completed","timestamp":"2025-04-03T02:13:38.930Z"}
{"level":"info","message":"Waiting for login form elements...","timestamp":"2025-04-03T02:13:38.931Z"}
{"level":"info","message":"Login form elements found","timestamp":"2025-04-03T02:13:39.457Z"}
{"level":"info","message":"Attempting login...","timestamp":"2025-04-03T02:13:39.458Z"}
{"level":"info","message":"Login credentials entered","timestamp":"2025-04-03T02:13:40.993Z"}
{"level":"info","message":"Waiting for login button...","timestamp":"2025-04-03T02:13:40.994Z"}
{"level":"info","message":"Login button clicked","timestamp":"2025-04-03T02:13:41.843Z"}
{"level":"info","message":"Waiting for post-login page load...","timestamp":"2025-04-03T02:13:41.844Z"}
{"level":"info","message":"Post-login page load completed","timestamp":"2025-04-03T02:13:42.613Z"}
{"level":"info","message":"Looking for online devices dropdown...","timestamp":"2025-04-03T02:13:42.614Z"}
{"level":"info","message":"Online devices dropdown clicked","timestamp":"2025-04-03T02:13:45.209Z"}
{"level":"info","message":"Waiting for dropdown data to load...","timestamp":"2025-04-03T02:13:45.210Z"}
{"level":"info","message":"Dropdown data load wait completed","timestamp":"2025-04-03T02:13:53.212Z"}
{"level":"info","message":"Waiting for online devices count to be visible...","timestamp":"2025-04-03T02:13:53.212Z"}
{"level":"info","message":"Online devices count element found","timestamp":"2025-04-03T02:13:53.272Z"}
{"level":"info","message":"Additional wait for content stability...","timestamp":"2025-04-03T02:13:53.272Z"}
{"level":"info","message":"Content stability wait completed","timestamp":"2025-04-03T02:13:56.273Z"}
{"level":"info","message":"Attempt 1 to read online devices count...","timestamp":"2025-04-03T02:13:56.274Z"}
{"level":"info","message":"Successfully read online devices count: 309","timestamp":"2025-04-03T02:13:56.311Z"}
{"level":"info","message":"Taking screenshot...","timestamp":"2025-04-03T02:13:56.311Z"}
{"level":"info","message":"Screenshot saved temporarily: /home/jason/daily-UISPI-screenshot-nextJS/daily-uisp-screenshot-nextjs/public/screenshots/screenshot_2025-04-03T02-13-56-311Z.png","timestamp":"2025-04-03T02:13:56.765Z"}
{"level":"info","message":"Checking PocketBase availability...","timestamp":"2025-04-03T02:13:56.766Z"}
{"level":"info","message":"PocketBase is available. Saving screenshot to database...","timestamp":"2025-04-03T02:13:56.802Z"}
{"level":"info","message":"Screenshot file size: 128142 bytes","timestamp":"2025-04-03T02:13:56.803Z"}
{"level":"info","message":"FormData contents:","timestamp":"2025-04-03T02:13:56.804Z"}
{"level":"info","message":"- screenshot: object (File: screenshot_2025-04-03T02-13-56-311Z.png, 128142 bytes)","timestamp":"2025-04-03T02:13:56.805Z"}
{"level":"info","message":"- timestamp: string 2025-04-03T02:13:56.311Z","timestamp":"2025-04-03T02:13:56.805Z"}
{"level":"info","message":"- onlineDevices: string 309","timestamp":"2025-04-03T02:13:56.805Z"}
{"level":"info","message":"Screenshot saved to PocketBase with ID: hkvm3i6670o649t","timestamp":"2025-04-03T02:13:56.982Z"}
{"level":"info","message":"Screenshot URL: http://localhost:8090/api/files/pbc_3933996135/hkvm3i6670o649t/screenshot_2025_04_03_t02_13_56_311_z_y18e7435o6.png","timestamp":"2025-04-03T02:13:56.983Z"}
{"level":"info","message":"Devices data saved to backup file successfully","timestamp":"2025-04-03T02:13:56.984Z"}
{"level":"info","message":"Devices data saved to backup file","timestamp":"2025-04-03T02:13:56.984Z"}
{"level":"info","message":"Temporary screenshot file deleted","timestamp":"2025-04-03T02:13:56.985Z"}
{"level":"info","message":"Closing browser...","timestamp":"2025-04-03T02:13:56.985Z"}
{"level":"info","message":"Browser closed successfully","timestamp":"2025-04-03T02:13:57.641Z"}
{"level":"info","message":"Page navigation completed","timestamp":"2025-04-03T02:14:11.331Z"}
{"level":"info","message":"Waiting for login form elements...","timestamp":"2025-04-03T02:14:11.331Z"}
{"level":"info","message":"Login form elements found","timestamp":"2025-04-03T02:14:12.103Z"}
{"level":"info","message":"Attempting login...","timestamp":"2025-04-03T02:14:12.103Z"}
{"level":"info","message":"Login credentials entered","timestamp":"2025-04-03T02:14:13.201Z"}
{"level":"info","message":"Waiting for login button...","timestamp":"2025-04-03T02:14:13.202Z"}
{"level":"info","message":"Login button clicked","timestamp":"2025-04-03T02:14:13.971Z"}
{"level":"info","message":"Waiting for post-login page load...","timestamp":"2025-04-03T02:14:13.971Z"}
{"level":"info","message":"Post-login page load completed","timestamp":"2025-04-03T02:14:14.788Z"}
{"level":"info","message":"Looking for online devices dropdown...","timestamp":"2025-04-03T02:14:14.789Z"}
{"level":"info","message":"Online devices dropdown clicked","timestamp":"2025-04-03T02:14:16.925Z"}
{"level":"info","message":"Waiting for dropdown data to load...","timestamp":"2025-04-03T02:14:16.925Z"}
{"level":"info","message":"Dropdown data load wait completed","timestamp":"2025-04-03T02:14:24.926Z"}
{"level":"info","message":"Waiting for online devices count to be visible...","timestamp":"2025-04-03T02:14:24.926Z"}
{"level":"info","message":"Online devices count element found","timestamp":"2025-04-03T02:14:25.339Z"}
{"level":"info","message":"Additional wait for content stability...","timestamp":"2025-04-03T02:14:25.339Z"}
{"level":"info","message":"Content stability wait completed","timestamp":"2025-04-03T02:14:28.340Z"}
{"level":"info","message":"Attempt 1 to read online devices count...","timestamp":"2025-04-03T02:14:28.341Z"}
{"level":"info","message":"Successfully read online devices count: 309","timestamp":"2025-04-03T02:14:28.378Z"}
{"level":"info","message":"Taking screenshot...","timestamp":"2025-04-03T02:14:28.379Z"}
{"level":"info","message":"Screenshot saved temporarily: /home/jason/daily-UISPI-screenshot-nextJS/daily-uisp-screenshot-nextjs/public/screenshots/screenshot_2025-04-03T02-14-28-379Z.png","timestamp":"2025-04-03T02:14:28.828Z"}
{"level":"info","message":"Checking PocketBase availability...","timestamp":"2025-04-03T02:14:28.828Z"}
{"level":"info","message":"PocketBase is available. Saving screenshot to database...","timestamp":"2025-04-03T02:14:28.855Z"}
{"level":"info","message":"Screenshot file size: 128142 bytes","timestamp":"2025-04-03T02:14:28.855Z"}
{"level":"info","message":"FormData contents:","timestamp":"2025-04-03T02:14:28.856Z"}
{"level":"info","message":"- screenshot: object (File: screenshot_2025-04-03T02-14-28-379Z.png, 128142 bytes)","timestamp":"2025-04-03T02:14:28.856Z"}
{"level":"info","message":"- timestamp: string 2025-04-03T02:14:28.379Z","timestamp":"2025-04-03T02:14:28.856Z"}
{"level":"info","message":"- onlineDevices: string 309","timestamp":"2025-04-03T02:14:28.857Z"}
{"level":"info","message":"Screenshot saved to PocketBase with ID: uvzu1fq7ggb9mve","timestamp":"2025-04-03T02:14:28.879Z"}
{"level":"info","message":"Screenshot URL: http://localhost:8090/api/files/pbc_3933996135/uvzu1fq7ggb9mve/screenshot_2025_04_03_t02_14_28_379_z_vnyew5f09u.png","timestamp":"2025-04-03T02:14:28.880Z"}
{"level":"info","message":"Devices data saved to backup file successfully","timestamp":"2025-04-03T02:14:28.882Z"}
{"level":"info","message":"Devices data saved to backup file","timestamp":"2025-04-03T02:14:28.882Z"}
{"level":"info","message":"Temporary screenshot file deleted","timestamp":"2025-04-03T02:14:28.883Z"}
{"level":"info","message":"Closing browser...","timestamp":"2025-04-03T02:14:28.883Z"}
{"level":"info","message":"Browser closed successfully","timestamp":"2025-04-03T02:14:29.572Z"}
